0 info it worked if it ends with ok
1 verbose cli [ 'D:\\Software\\nodejs\\node.exe',
1 verbose cli   'C:\\Users\\li\\AppData\\Roaming\\npm\\node_modules\\npm\\bin\\npm-cli.js',
1 verbose cli   'run',
1 verbose cli   'server' ]
2 info using npm@4.0.2
3 info using node@v6.9.5
4 verbose run-script [ 'preserver', 'server', 'postserver' ]
5 info lifecycle blog@1.0.0~preserver: blog@1.0.0
6 silly lifecycle blog@1.0.0~preserver: no script for preserver, continuing
7 info lifecycle blog@1.0.0~server: blog@1.0.0
8 verbose lifecycle blog@1.0.0~server: unsafe-perm in lifecycle true
9 verbose lifecycle blog@1.0.0~server: PATH: C:\Users\li\AppData\Roaming\npm\node_modules\npm\bin\node-gyp-bin;C:\Users\li\Desktop\test\react\blog\node_modules\.bin;D:\Software\cmder\bin;D:\Software\cmder\vendor\conemu-maximus5\ConEmu\Scripts;D:\Software\cmder\vendor\conemu-maximus5;D:\Software\cmder\vendor\conemu-maximus5\ConEmu;C:\Program Files (x86)\Intel\iCLS Client\;C:\Program Files\Intel\iCLS Client\;C:\Windows\system32;C:\Windows;C:\Windows\System32\Wbem;C:\Windows\System32\WindowsPowerShell\v1.0\;C:\Program Files (x86)\Intel\Intel(R) Management Engine Components\DAL;C:\Program Files\Intel\Intel(R) Management Engine Components\DAL;C:\Program Files (x86)\Intel\Intel(R) Management Engine Components\IPT;C:\Program Files\Intel\Intel(R) Management Engine Components\IPT;C:\Program Files (x86)\NVIDIA Corporation\PhysX\Common;D:\Software\AOMEI Backupper 2.1;C:\WINDOWS\system32;C:\WINDOWS;C:\WINDOWS\System32\Wbem;C:\WINDOWS\System32\WindowsPowerShell\v1.0\;E:\Software\Java\jdk1.8.0\bin;E:\Software\Java\jdk1.8.0\jre\bin;C:\Program Files\Intel\WiFi\bin\;C:\Program Files\Common Files\Intel\WirelessCommon\;D:\Software\cmder;D:\MongoDB\Server\3.2\bin;E:\Software\Git\cmd;D:\Software\nodejs\;C:\Ruby23-x64\bin;C:\Users\li\AppData\Local\Microsoft\WindowsApps;C:\Users\li\AppData\Local\atom\bin;C:\Users\li\AppData\Roaming\npm;D:\Software\Microsoft VS Code\bin;D:\Software\cmder
10 verbose lifecycle blog@1.0.0~server: CWD: C:\Users\li\Desktop\test\react\blog
11 silly lifecycle blog@1.0.0~server: Args: [ '/d /s /c', 'cd server && node entry.js' ]
12 silly lifecycle blog@1.0.0~server: Returned: code: 1  signal: null
13 info lifecycle blog@1.0.0~server: Failed to exec server script
14 verbose stack Error: blog@1.0.0 server: `cd server && node entry.js`
14 verbose stack Exit status 1
14 verbose stack     at EventEmitter.<anonymous> (C:\Users\li\AppData\Roaming\npm\node_modules\npm\lib\utils\lifecycle.js:279:16)
14 verbose stack     at emitTwo (events.js:106:13)
14 verbose stack     at EventEmitter.emit (events.js:191:7)
14 verbose stack     at ChildProcess.<anonymous> (C:\Users\li\AppData\Roaming\npm\node_modules\npm\lib\utils\spawn.js:40:14)
14 verbose stack     at emitTwo (events.js:106:13)
14 verbose stack     at ChildProcess.emit (events.js:191:7)
14 verbose stack     at maybeClose (internal/child_process.js:877:16)
14 verbose stack     at Process.ChildProcess._handle.onexit (internal/child_process.js:226:5)
15 verbose pkgid blog@1.0.0
16 verbose cwd C:\Users\li\Desktop\test\react\blog
17 error Windows_NT 10.0.14393
18 error argv "D:\\Software\\nodejs\\node.exe" "C:\\Users\\li\\AppData\\Roaming\\npm\\node_modules\\npm\\bin\\npm-cli.js" "run" "server"
19 error node v6.9.5
20 error npm  v4.0.2
21 error code ELIFECYCLE
22 error blog@1.0.0 server: `cd server && node entry.js`
22 error Exit status 1
23 error Failed at the blog@1.0.0 server script 'cd server && node entry.js'.
23 error Make sure you have the latest version of node.js and npm installed.
23 error If you do, this is most likely a problem with the blog package,
23 error not with npm itself.
23 error Tell the author that this fails on your system:
23 error     cd server && node entry.js
23 error You can get information on how to open an issue for this project with:
23 error     npm bugs blog
23 error Or if that isn't available, you can get their info via:
23 error     npm owner ls blog
23 error There is likely additional logging output above.
24 verbose exit [ 1, true ]
